[www.epicskins2021.com/index.html]
[backblue.gif]
[fade.gif]
[index.html]
[d13pxqgp3ixdbh.cloudfront.net/uploads/15591549563ccab5bc766b68f44bf6b1e63908074e.png]
[use.fontawesome.com/releases/v5.7.2/css/all.css]
[d13pxqgp3ixdbh.cloudfront.net/uploads/1559154958fd0b5fc40bcda1dbb96d05b9740da38e.png]
[d13pxqgp3ixdbh.cloudfront.net/uploads/1559154955ef69409d24ad2c050634250047b1175e.png]
[d13pxqgp3ixdbh.cloudfront.net/uploads/15364866183e192a9af841a945672c2962b711355e.png]
[d13pxqgp3ixdbh.cloudfront.net/uploads/1616967700ed92a257abb45337a83fa5094870c3d9.png]
[d12u7tum9sda5e.cloudfront.net/722SzW.js]
[www.epicskins2021.com/index.html]
[use.fontawesome.com/releases/v5.7.2/css/all.css]
[www.google-analytics.com/analytics.js]
[d13pxqgp3ixdbh.cloudfront.net/uploads/assets/15591548791707f3c35b8b8467a154f5eb4883b075.css]
[d13pxqgp3ixdbh.cloudfront.net/uploads/assets/1559154877b2fc9a273f9247b9033a50ead9712e9c.css]
[d13pxqgp3ixdbh.cloudfront.net/uploads/assets/15615752878a41f3dbd77916497c3c1f899e277b4e.css]
[d13pxqgp3ixdbh.cloudfront.net/uploads/assets/14859274931dd77b79350953c8e835afaced491210.js]
[www.epicskins2021.com/popper.11.delayed]
[d13pxqgp3ixdbh.cloudfront.net/uploads/assets/1559154910987ecf1204e758fb81140ef07431859b.js]
[d13pxqgp3ixdbh.cloudfront.net/uploads/assets/1559154909d4ca6c1313e8a4d220ea376bceae773d.js]
[d13pxqgp3ixdbh.cloudfront.net/uploads/assets/1559222227d125a5576a24353d1c6f2d9367250e9c.js]
[d13pxqgp3ixdbh.cloudfront.net/uploads/img/bg.png]
[d13pxqgp3ixdbh.cloudfront.net/uploads/img/btn_hover.png]
[www.epicskins2021.com/popper.html]
